Using pre-set license
Built from '2020.3/staging' branch; Version is '2020.3.6f1 (338bb68529b2) revision 3378102'; Using compiler version '192528614'; Build Type 'Release'
OS: 'Windows 10 Home; OS build 19042.928; Version 2009; 64bit' Language: 'en' Physical Memory: 16251 MB
BatchMode: 1, IsHumanControllingUs: 0, StartBugReporterOnCrash: 0, Is64bit: 1, IsPro: 0

 COMMAND LINE ARGUMENTS:
D:\2020.3.6f1\Editor\Unity.exe
-adb2
-batchMode
-noUpm
-name
AssetImportWorker0
-projectPath
C:/Users/justi/trex
-logFile
Logs/AssetImportWorker0.log
-srvPort
62716
Successfully changed project path to: C:/Users/justi/trex
C:/Users/justi/trex
Using Asset Import Pipeline V2.
Refreshing native plugins compatible for Editor in 29.34 ms, found 1 plugins.
Preloading 0 native plugins for Editor in 0.00 ms.
Initialize engine version: 2020.3.6f1 (338bb68529b2)
[Subsystems] Discovering subsystems at path D:/2020.3.6f1/Editor/Data/Resources/UnitySubsystems
[Subsystems] Discovering subsystems at path C:/Users/justi/trex/Assets
GfxDevice: creating device client; threaded=0
Direct3D:
    Version:  Direct3D 11.0 [level 11.1]
    Renderer: NVIDIA GeForce RTX 2060 (ID=0x1f15)
    Vendor:   
    VRAM:     5980 MB
    Driver:   27.21.14.6109
Initialize mono
Mono path[0] = 'D:/2020.3.6f1/Editor/Data/Managed'
Mono path[1] = 'D:/2020.3.6f1/Editor/Data/MonoBleedingEdge/lib/mono/unityjit'
Mono config path = 'D:/2020.3.6f1/Editor/Data/MonoBleedingEdge/etc'
Using monoOptions --debugger-agent=transport=dt_socket,embedding=1,server=y,suspend=n,address=127.0.0.1:56884
Begin MonoManager ReloadAssembly
Registering precompiled unity dll's ...
Register platform support module: D:/2020.3.6f1/Editor/Data/PlaybackEngines/WebGLSupport/UnityEditor.WebGL.Extensions.dll
Register platform support module: D:/2020.3.6f1/Editor/Data/PlaybackEngines/WindowsStandaloneSupport/UnityEditor.WindowsStandalone.Extensions.dll
Registered in 0.000902 seconds.
Native extension for WindowsStandalone target not found
Native extension for WebGL target not found
Refreshing native plugins compatible for Editor in 32.77 ms, found 1 plugins.
Preloading 0 native plugins for Editor in 0.00 ms.
Mono: successfully reloaded assembly
- Completed reload, in  0.746 seconds
Platform modules already initialized, skipping
Registering precompiled user dll's ...
Registered in 0.000697 seconds.
Begin MonoManager ReloadAssembly
Native extension for WindowsStandalone target not found
Native extension for WebGL target not found
Refreshing native plugins compatible for Editor in 30.33 ms, found 1 plugins.
Preloading 0 native plugins for Editor in 0.00 ms.
Mono: successfully reloaded assembly
- Completed reload, in  0.767 seconds
Platform modules already initialized, skipping
========================================================================
Worker process is ready to serve import requests
Launched and connected shader compiler UnityShaderCompiler.exe after 0.04 seconds
Refreshing native plugins compatible for Editor in 0.30 ms, found 1 plugins.
Preloading 0 native plugins for Editor in 0.00 ms.
Unloading 1815 Unused Serialized files (Serialized files now loaded: 0)
System memory in use before: 85.0 MB.
System memory in use after: 85.0 MB.

Unloading 24 unused Assets to reduce memory usage. Loaded Objects now: 2257.
Total: 2.200400 ms (FindLiveObjects: 0.375300 ms CreateObjectMapping: 0.109200 ms MarkObjects: 1.619000 ms  DeleteObjects: 0.096100 ms)

========================================================================
Received Import Request.
  path: Assets/winscreen.unity
  artifactKey: Guid(2f5cbe201985a89409a0cfe9ddee1ce5) Importer(815301076,1909f56bfc062723c751e8b465ee728b)
Start importing Assets/winscreen.unity using Guid(2f5cbe201985a89409a0cfe9ddee1ce5) Importer(815301076,1909f56bfc062723c751e8b465ee728b)  -> (artifact id: 'fc5c9621058fe3e8b977fab7550f5b13') in 0.011055 seconds
  Import took 0.013668 seconds .

========================================================================
Received Import Request.
  Time since last request: 22.312555 seconds.
  path: Assets/Dinogame.unity
  artifactKey: Guid(5951b7df4fa773c40b47145dd014cb30) Importer(815301076,1909f56bfc062723c751e8b465ee728b)
Start importing Assets/Dinogame.unity using Guid(5951b7df4fa773c40b47145dd014cb30) Importer(815301076,1909f56bfc062723c751e8b465ee728b)  -> (artifact id: 'fa251afbb248820ef73ff76d2b4c5c0d') in 0.005540 seconds
  Import took 0.008144 seconds .

========================================================================
Received Prepare
Registering precompiled user dll's ...
Registered in 0.000674 seconds.
Begin MonoManager ReloadAssembly
Native extension for WindowsStandalone target not found
Native extension for WebGL target not found
Refreshing native plugins compatible for Editor in 0.30 ms, found 1 plugins.
Preloading 0 native plugins for Editor in 0.00 ms.
Mono: successfully reloaded assembly
- Completed reload, in  0.711 seconds
Platform modules already initialized, skipping
Refreshing native plugins compatible for Editor in 0.30 ms, found 1 plugins.
Preloading 0 native plugins for Editor in 0.00 ms.
Unloading 1811 Unused Serialized files (Serialized files now loaded: 0)
System memory in use before: 85.0 MB.
System memory in use after: 85.0 MB.

Unloading 12 unused Assets to reduce memory usage. Loaded Objects now: 2262.
Total: 1.590600 ms (FindLiveObjects: 0.154800 ms CreateObjectMapping: 0.085100 ms MarkObjects: 1.269600 ms  DeleteObjects: 0.080500 ms)

========================================================================
Received Import Request.
  Time since last request: 117.706612 seconds.
  path: Assets/Win.cs
  artifactKey: Guid(907273bfe04da4e479f23072ef834f12) Importer(815301076,1909f56bfc062723c751e8b465ee728b)
Start importing Assets/Win.cs using Guid(907273bfe04da4e479f23072ef834f12) Importer(815301076,1909f56bfc062723c751e8b465ee728b)  -> (artifact id: '107014d78c3c97b440cd865aa5161874') in 0.025326 seconds
  Import took 0.028216 seconds .

========================================================================
Received Import Request.
  Time since last request: 213.787959 seconds.
  path: Assets/Win.cs
  artifactKey: Guid(907273bfe04da4e479f23072ef834f12) Importer(815301076,1909f56bfc062723c751e8b465ee728b)
Start importing Assets/Win.cs using Guid(907273bfe04da4e479f23072ef834f12) Importer(815301076,1909f56bfc062723c751e8b465ee728b)  -> (artifact id: '3c7e6f8a19d947b111d8b8667421b306') in 0.001994 seconds
  Import took 0.005297 seconds .

========================================================================
Received Import Request.
  Time since last request: 24.472943 seconds.
  path: Assets/Win.cs
  artifactKey: Guid(907273bfe04da4e479f23072ef834f12) Importer(815301076,1909f56bfc062723c751e8b465ee728b)
Start importing Assets/Win.cs using Guid(907273bfe04da4e479f23072ef834f12) Importer(815301076,1909f56bfc062723c751e8b465ee728b)  -> (artifact id: '1c4cfed3fb8355d5bbc81463f4535cc3') in 0.001792 seconds
  Import took 0.004948 seconds .

========================================================================
Received Import Request.
  Time since last request: 229.570375 seconds.
  path: Assets/Win.cs
  artifactKey: Guid(907273bfe04da4e479f23072ef834f12) Importer(815301076,1909f56bfc062723c751e8b465ee728b)
Start importing Assets/Win.cs using Guid(907273bfe04da4e479f23072ef834f12) Importer(815301076,1909f56bfc062723c751e8b465ee728b)  -> (artifact id: '3e3d5b7349b7712c000292eaa0d2ffb6') in 0.001889 seconds
  Import took 0.005245 seconds .

========================================================================
Received Import Request.
  Time since last request: 0.016177 seconds.
  path: Assets/Win.cs
  artifactKey: Guid(907273bfe04da4e479f23072ef834f12) Importer(815301076,1909f56bfc062723c751e8b465ee728b)
Start importing Assets/Win.cs using Guid(907273bfe04da4e479f23072ef834f12) Importer(815301076,1909f56bfc062723c751e8b465ee728b)  -> (artifact id: '3e3d5b7349b7712c000292eaa0d2ffb6') in 0.001679 seconds
  Import took 0.004261 seconds .

========================================================================
Received Import Request.
  Time since last request: 182.730541 seconds.
  path: Assets/Win.cs
  artifactKey: Guid(907273bfe04da4e479f23072ef834f12) Importer(815301076,1909f56bfc062723c751e8b465ee728b)
Start importing Assets/Win.cs using Guid(907273bfe04da4e479f23072ef834f12) Importer(815301076,1909f56bfc062723c751e8b465ee728b)  -> (artifact id: 'c5c8cc0d5dbe8d8fbecf84cf43156a58') in 0.002539 seconds
  Import took 0.007212 seconds .

========================================================================
Received Import Request.
  Time since last request: 86.992768 seconds.
  path: Assets/Dinogame.unity
  artifactKey: Guid(5951b7df4fa773c40b47145dd014cb30) Importer(815301076,1909f56bfc062723c751e8b465ee728b)
Start importing Assets/Dinogame.unity using Guid(5951b7df4fa773c40b47145dd014cb30) Importer(815301076,1909f56bfc062723c751e8b465ee728b)  -> (artifact id: 'b181e02d4bfc2488a78ee420f42bc2af') in 0.009576 seconds
  Import took 0.012546 seconds .

========================================================================
Received Import Request.
  Time since last request: 17.519970 seconds.
  path: Assets/winscreen.unity
  artifactKey: Guid(2f5cbe201985a89409a0cfe9ddee1ce5) Importer(815301076,1909f56bfc062723c751e8b465ee728b)
Start importing Assets/winscreen.unity using Guid(2f5cbe201985a89409a0cfe9ddee1ce5) Importer(815301076,1909f56bfc062723c751e8b465ee728b)  -> (artifact id: '265bff420df55b5f0129624be4e939c6') in 0.002162 seconds
  Import took 0.010627 seconds .

========================================================================
Received Prepare
Registering precompiled user dll's ...
Registered in 0.000771 seconds.
Begin MonoManager ReloadAssembly
Native extension for WindowsStandalone target not found
Native extension for WebGL target not found
Refreshing native plugins compatible for Editor in 0.30 ms, found 1 plugins.
Preloading 0 native plugins for Editor in 0.00 ms.
Mono: successfully reloaded assembly
- Completed reload, in  0.691 seconds
Platform modules already initialized, skipping
Refreshing native plugins compatible for Editor in 0.30 ms, found 1 plugins.
Preloading 0 native plugins for Editor in 0.00 ms.
Unloading 1810 Unused Serialized files (Serialized files now loaded: 0)
System memory in use before: 85.1 MB.
System memory in use after: 85.0 MB.

Unloading 13 unused Assets to reduce memory usage. Loaded Objects now: 2265.
Total: 2.122100 ms (FindLiveObjects: 0.233200 ms CreateObjectMapping: 0.101900 ms MarkObjects: 1.688100 ms  DeleteObjects: 0.098200 ms)

========================================================================
Received Prepare
Registering precompiled user dll's ...
Registered in 0.000812 seconds.
Begin MonoManager ReloadAssembly
Native extension for WindowsStandalone target not found
Native extension for WebGL target not found
Refreshing native plugins compatible for Editor in 0.30 ms, found 1 plugins.
Preloading 0 native plugins for Editor in 0.00 ms.
Mono: successfully reloaded assembly
- Completed reload, in  0.726 seconds
Platform modules already initialized, skipping
Refreshing native plugins compatible for Editor in 0.66 ms, found 1 plugins.
Preloading 0 native plugins for Editor in 0.00 ms.
Unloading 1810 Unused Serialized files (Serialized files now loaded: 0)
System memory in use before: 85.1 MB.
System memory in use after: 85.0 MB.

Unloading 12 unused Assets to reduce memory usage. Loaded Objects now: 2269.
Total: 1.853500 ms (FindLiveObjects: 0.198100 ms CreateObjectMapping: 0.076500 ms MarkObjects: 1.398700 ms  DeleteObjects: 0.179200 ms)

========================================================================
Received Prepare
Registering precompiled user dll's ...
Registered in 0.000845 seconds.
Begin MonoManager ReloadAssembly
Native extension for WindowsStandalone target not found
Native extension for WebGL target not found
Refreshing native plugins compatible for Editor in 0.31 ms, found 1 plugins.
Preloading 0 native plugins for Editor in 0.00 ms.
Mono: successfully reloaded assembly
- Completed reload, in  0.736 seconds
Platform modules already initialized, skipping
Refreshing native plugins compatible for Editor in 0.33 ms, found 1 plugins.
Preloading 0 native plugins for Editor in 0.00 ms.
Unloading 1811 Unused Serialized files (Serialized files now loaded: 0)
System memory in use before: 85.1 MB.
System memory in use after: 85.1 MB.

Unloading 12 unused Assets to reduce memory usage. Loaded Objects now: 2274.
Total: 1.656400 ms (FindLiveObjects: 0.180900 ms CreateObjectMapping: 0.065900 ms MarkObjects: 1.326200 ms  DeleteObjects: 0.082700 ms)

========================================================================
Received Import Request.
  Time since last request: 157.266795 seconds.
  path: Assets/pole.cs
  artifactKey: Guid(8f66a702291c02a4ebcc1621aa49952f) Importer(815301076,1909f56bfc062723c751e8b465ee728b)
Start importing Assets/pole.cs using Guid(8f66a702291c02a4ebcc1621aa49952f) Importer(815301076,1909f56bfc062723c751e8b465ee728b)  -> (artifact id: 'af8a7d36558f41a022eee60e78b943e1') in 0.008482 seconds
  Import took 0.016681 seconds .

========================================================================
Received Import Request.
  Time since last request: 0.000203 seconds.
  path: Assets/pole.cs
  artifactKey: Guid(8f66a702291c02a4ebcc1621aa49952f) Importer(815301076,1909f56bfc062723c751e8b465ee728b)
Start importing Assets/pole.cs using Guid(8f66a702291c02a4ebcc1621aa49952f) Importer(815301076,1909f56bfc062723c751e8b465ee728b)  -> (artifact id: 'af8a7d36558f41a022eee60e78b943e1') in 0.001959 seconds
  Import took 0.004743 seconds .

========================================================================
Received Prepare
Registering precompiled user dll's ...
Registered in 0.000847 seconds.
Begin MonoManager ReloadAssembly
Native extension for WindowsStandalone target not found
Native extension for WebGL target not found
Refreshing native plugins compatible for Editor in 0.31 ms, found 1 plugins.
Preloading 0 native plugins for Editor in 0.00 ms.
Mono: successfully reloaded assembly
- Completed reload, in  0.914 seconds
Platform modules already initialized, skipping
Refreshing native plugins compatible for Editor in 2.19 ms, found 1 plugins.
Preloading 0 native plugins for Editor in 0.00 ms.
Unloading 1811 Unused Serialized files (Serialized files now loaded: 0)
System memory in use before: 85.1 MB.
System memory in use after: 85.1 MB.

Unloading 12 unused Assets to reduce memory usage. Loaded Objects now: 2278.
Total: 7.161800 ms (FindLiveObjects: 1.321800 ms CreateObjectMapping: 0.629900 ms MarkObjects: 4.871000 ms  DeleteObjects: 0.335000 ms)

========================================================================
Received Prepare
Registering precompiled user dll's ...
Registered in 0.000818 seconds.
Begin MonoManager ReloadAssembly
Native extension for WindowsStandalone target not found
Native extension for WebGL target not found
Refreshing native plugins compatible for Editor in 0.33 ms, found 1 plugins.
Preloading 0 native plugins for Editor in 0.00 ms.
Mono: successfully reloaded assembly
- Completed reload, in  0.740 seconds
Platform modules already initialized, skipping
Refreshing native plugins compatible for Editor in 0.30 ms, found 1 plugins.
Preloading 0 native plugins for Editor in 0.00 ms.
Unloading 1812 Unused Serialized files (Serialized files now loaded: 0)
System memory in use before: 85.2 MB.
System memory in use after: 85.1 MB.

Unloading 12 unused Assets to reduce memory usage. Loaded Objects now: 2283.
Total: 2.336100 ms (FindLiveObjects: 0.331000 ms CreateObjectMapping: 0.143700 ms MarkObjects: 1.734000 ms  DeleteObjects: 0.124900 ms)

========================================================================
Received Prepare
Registering precompiled user dll's ...
Registered in 0.001296 seconds.
Begin MonoManager ReloadAssembly
Native extension for WindowsStandalone target not found
Native extension for WebGL target not found
Refreshing native plugins compatible for Editor in 0.31 ms, found 1 plugins.
Preloading 0 native plugins for Editor in 0.00 ms.
Mono: successfully reloaded assembly
- Completed reload, in  0.707 seconds
Platform modules already initialized, skipping
Refreshing native plugins compatible for Editor in 0.29 ms, found 1 plugins.
Preloading 0 native plugins for Editor in 0.00 ms.
Unloading 1812 Unused Serialized files (Serialized files now loaded: 0)
System memory in use before: 85.2 MB.
System memory in use after: 85.1 MB.

Unloading 12 unused Assets to reduce memory usage. Loaded Objects now: 2287.
Total: 2.049500 ms (FindLiveObjects: 0.269000 ms CreateObjectMapping: 0.166300 ms MarkObjects: 1.498900 ms  DeleteObjects: 0.114600 ms)

========================================================================
Received Import Request.
  Time since last request: 192.477046 seconds.
  path: Assets/GameManager.cs
  artifactKey: Guid(d028c74058627cf44a64dbe0a31865f2) Importer(815301076,1909f56bfc062723c751e8b465ee728b)
Start importing Assets/GameManager.cs using Guid(d028c74058627cf44a64dbe0a31865f2) Importer(815301076,1909f56bfc062723c751e8b465ee728b)  -> (artifact id: 'd493bc8f44142f539d3ea881f369c401') in 0.008360 seconds
  Import took 0.013702 seconds .

========================================================================
Received Import Request.
  Time since last request: 0.002109 seconds.
  path: Assets/GameManager.cs
  artifactKey: Guid(d028c74058627cf44a64dbe0a31865f2) Importer(815301076,1909f56bfc062723c751e8b465ee728b)
Start importing Assets/GameManager.cs using Guid(d028c74058627cf44a64dbe0a31865f2) Importer(815301076,1909f56bfc062723c751e8b465ee728b)  -> (artifact id: 'd493bc8f44142f539d3ea881f369c401') in 0.001822 seconds
  Import took 0.004466 seconds .

========================================================================
Received Prepare
Registering precompiled user dll's ...
Registered in 0.000852 seconds.
Begin MonoManager ReloadAssembly
Native extension for WindowsStandalone target not found
Native extension for WebGL target not found
Refreshing native plugins compatible for Editor in 0.52 ms, found 1 plugins.
Preloading 0 native plugins for Editor in 0.00 ms.
Mono: successfully reloaded assembly
- Completed reload, in  0.730 seconds
Platform modules already initialized, skipping
Refreshing native plugins compatible for Editor in 0.33 ms, found 1 plugins.
Preloading 0 native plugins for Editor in 0.00 ms.
Unloading 1812 Unused Serialized files (Serialized files now loaded: 0)
System memory in use before: 85.2 MB.
System memory in use after: 85.1 MB.

Unloading 12 unused Assets to reduce memory usage. Loaded Objects now: 2291.
Total: 1.877400 ms (FindLiveObjects: 0.300200 ms CreateObjectMapping: 0.071200 ms MarkObjects: 1.412100 ms  DeleteObjects: 0.092200 ms)

========================================================================
Received Prepare
Registering precompiled user dll's ...
Registered in 0.001050 seconds.
Begin MonoManager ReloadAssembly
Native extension for WindowsStandalone target not found
Native extension for WebGL target not found
Refreshing native plugins compatible for Editor in 0.45 ms, found 1 plugins.
Preloading 0 native plugins for Editor in 0.00 ms.
Mono: successfully reloaded assembly
- Completed reload, in  0.928 seconds
Platform modules already initialized, skipping
Refreshing native plugins compatible for Editor in 1.80 ms, found 1 plugins.
Preloading 0 native plugins for Editor in 0.00 ms.
Unloading 1812 Unused Serialized files (Serialized files now loaded: 0)
System memory in use before: 85.2 MB.
System memory in use after: 85.2 MB.

Unloading 12 unused Assets to reduce memory usage. Loaded Objects now: 2295.
Total: 4.218500 ms (FindLiveObjects: 0.465400 ms CreateObjectMapping: 0.212700 ms MarkObjects: 3.242900 ms  DeleteObjects: 0.294300 ms)

========================================================================
Received Import Request.
  Time since last request: 518.003722 seconds.
  path: Assets/GameManager.cs
  artifactKey: Guid(d028c74058627cf44a64dbe0a31865f2) Importer(815301076,1909f56bfc062723c751e8b465ee728b)
Start importing Assets/GameManager.cs using Guid(d028c74058627cf44a64dbe0a31865f2) Importer(815301076,1909f56bfc062723c751e8b465ee728b)  -> (artifact id: '4834144ef6d08b0fd27f1fbce29abc09') in 0.003967 seconds
  Import took 0.012631 seconds .

========================================================================
Received Prepare
Registering precompiled user dll's ...
Registered in 0.000800 seconds.
Begin MonoManager ReloadAssembly
Native extension for WindowsStandalone target not found
Native extension for WebGL target not found
Refreshing native plugins compatible for Editor in 0.32 ms, found 1 plugins.
Preloading 0 native plugins for Editor in 0.00 ms.
Mono: successfully reloaded assembly
- Completed reload, in  0.704 seconds
Platform modules already initialized, skipping
Refreshing native plugins compatible for Editor in 0.30 ms, found 1 plugins.
Preloading 0 native plugins for Editor in 0.00 ms.
Unloading 1812 Unused Serialized files (Serialized files now loaded: 0)
System memory in use before: 85.2 MB.
System memory in use after: 85.2 MB.

Unloading 12 unused Assets to reduce memory usage. Loaded Objects now: 2299.
Total: 1.711700 ms (FindLiveObjects: 0.220100 ms CreateObjectMapping: 0.062900 ms MarkObjects: 1.340700 ms  DeleteObjects: 0.087200 ms)

========================================================================
Received Prepare
Registering precompiled user dll's ...
Registered in 0.000711 seconds.
Begin MonoManager ReloadAssembly
Native extension for WindowsStandalone target not found
Native extension for WebGL target not found
Refreshing native plugins compatible for Editor in 0.31 ms, found 1 plugins.
Preloading 0 native plugins for Editor in 0.00 ms.
Mono: successfully reloaded assembly
- Completed reload, in  0.749 seconds
Platform modules already initialized, skipping
Refreshing native plugins compatible for Editor in 0.30 ms, found 1 plugins.
Preloading 0 native plugins for Editor in 0.00 ms.
Unloading 1812 Unused Serialized files (Serialized files now loaded: 0)
System memory in use before: 85.2 MB.
System memory in use after: 85.2 MB.

Unloading 12 unused Assets to reduce memory usage. Loaded Objects now: 2303.
Total: 2.663700 ms (FindLiveObjects: 0.332300 ms CreateObjectMapping: 0.143500 ms MarkObjects: 2.048300 ms  DeleteObjects: 0.138400 ms)

========================================================================
Received Prepare
Registering precompiled user dll's ...
Registered in 0.000861 seconds.
Begin MonoManager ReloadAssembly
Native extension for WindowsStandalone target not found
Native extension for WebGL target not found
Refreshing native plugins compatible for Editor in 0.30 ms, found 1 plugins.
Preloading 0 native plugins for Editor in 0.00 ms.
Mono: successfully reloaded assembly
- Completed reload, in  0.678 seconds
Platform modules already initialized, skipping
Refreshing native plugins compatible for Editor in 0.30 ms, found 1 plugins.
Preloading 0 native plugins for Editor in 0.00 ms.
Unloading 1812 Unused Serialized files (Serialized files now loaded: 0)
System memory in use before: 85.2 MB.
System memory in use after: 85.2 MB.

Unloading 12 unused Assets to reduce memory usage. Loaded Objects now: 2307.
Total: 1.882400 ms (FindLiveObjects: 0.230900 ms CreateObjectMapping: 0.118100 ms MarkObjects: 1.451700 ms  DeleteObjects: 0.080800 ms)

========================================================================
Received Prepare
Registering precompiled user dll's ...
Registered in 0.000825 seconds.
Begin MonoManager ReloadAssembly
Native extension for WindowsStandalone target not found
Native extension for WebGL target not found
Refreshing native plugins compatible for Editor in 0.30 ms, found 1 plugins.
Preloading 0 native plugins for Editor in 0.00 ms.
Mono: successfully reloaded assembly
- Completed reload, in  0.729 seconds
Platform modules already initialized, skipping
Refreshing native plugins compatible for Editor in 0.33 ms, found 1 plugins.
Preloading 0 native plugins for Editor in 0.00 ms.
Unloading 1812 Unused Serialized files (Serialized files now loaded: 0)
System memory in use before: 85.2 MB.
System memory in use after: 85.2 MB.

Unloading 12 unused Assets to reduce memory usage. Loaded Objects now: 2311.
Total: 2.010400 ms (FindLiveObjects: 0.202200 ms CreateObjectMapping: 0.086400 ms MarkObjects: 1.620100 ms  DeleteObjects: 0.100800 ms)

========================================================================
Received Prepare
Registering precompiled user dll's ...
Registered in 0.000805 seconds.
Begin MonoManager ReloadAssembly
Native extension for WindowsStandalone target not found
Native extension for WebGL target not found
Refreshing native plugins compatible for Editor in 0.51 ms, found 1 plugins.
Preloading 0 native plugins for Editor in 0.00 ms.
Mono: successfully reloaded assembly
- Completed reload, in  0.771 seconds
Platform modules already initialized, skipping
Refreshing native plugins compatible for Editor in 0.51 ms, found 1 plugins.
Preloading 0 native plugins for Editor in 0.00 ms.
Unloading 1812 Unused Serialized files (Serialized files now loaded: 0)
System memory in use before: 85.2 MB.
System memory in use after: 85.2 MB.

Unloading 12 unused Assets to reduce memory usage. Loaded Objects now: 2315.
Total: 2.650500 ms (FindLiveObjects: 0.564500 ms CreateObjectMapping: 0.160300 ms MarkObjects: 1.828600 ms  DeleteObjects: 0.094500 ms)

========================================================================
Received Prepare
Registering precompiled user dll's ...
Registered in 0.000878 seconds.
Begin MonoManager ReloadAssembly
Native extension for WindowsStandalone target not found
Native extension for WebGL target not found
Refreshing native plugins compatible for Editor in 0.33 ms, found 1 plugins.
Preloading 0 native plugins for Editor in 0.00 ms.
Mono: successfully reloaded assembly
- Completed reload, in  0.702 seconds
Platform modules already initialized, skipping
Refreshing native plugins compatible for Editor in 0.30 ms, found 1 plugins.
Preloading 0 native plugins for Editor in 0.00 ms.
Unloading 1812 Unused Serialized files (Serialized files now loaded: 0)
System memory in use before: 85.2 MB.
System memory in use after: 85.2 MB.

Unloading 12 unused Assets to reduce memory usage. Loaded Objects now: 2319.
Total: 1.934500 ms (FindLiveObjects: 0.217700 ms CreateObjectMapping: 0.070000 ms MarkObjects: 1.518500 ms  DeleteObjects: 0.127400 ms)

========================================================================
Received Prepare
Registering precompiled user dll's ...
Registered in 0.000728 seconds.
Begin MonoManager ReloadAssembly
Native extension for WindowsStandalone target not found
Native extension for WebGL target not found
Refreshing native plugins compatible for Editor in 0.37 ms, found 1 plugins.
Preloading 0 native plugins for Editor in 0.00 ms.
Mono: successfully reloaded assembly
- Completed reload, in  0.766 seconds
Platform modules already initialized, skipping
Refreshing native plugins compatible for Editor in 0.33 ms, found 1 plugins.
Preloading 0 native plugins for Editor in 0.00 ms.
Unloading 1812 Unused Serialized files (Serialized files now loaded: 0)
System memory in use before: 85.2 MB.
System memory in use after: 85.2 MB.

Unloading 12 unused Assets to reduce memory usage. Loaded Objects now: 2323.
Total: 3.999800 ms (FindLiveObjects: 0.396300 ms CreateObjectMapping: 0.198200 ms MarkObjects: 3.194600 ms  DeleteObjects: 0.208700 ms)

========================================================================
Received Prepare
Registering precompiled user dll's ...
Registered in 0.000695 seconds.
Begin MonoManager ReloadAssembly
Native extension for WindowsStandalone target not found
Native extension for WebGL target not found
Refreshing native plugins compatible for Editor in 0.30 ms, found 1 plugins.
Preloading 0 native plugins for Editor in 0.00 ms.
Mono: successfully reloaded assembly
- Completed reload, in  0.665 seconds
Platform modules already initialized, skipping
Refreshing native plugins compatible for Editor in 0.30 ms, found 1 plugins.
Preloading 0 native plugins for Editor in 0.00 ms.
Unloading 1812 Unused Serialized files (Serialized files now loaded: 0)
System memory in use before: 85.3 MB.
System memory in use after: 85.2 MB.

Unloading 12 unused Assets to reduce memory usage. Loaded Objects now: 2327.
Total: 1.916200 ms (FindLiveObjects: 0.217500 ms CreateObjectMapping: 0.086500 ms MarkObjects: 1.524200 ms  DeleteObjects: 0.086300 ms)

========================================================================
Received Prepare
Registering precompiled user dll's ...
Registered in 0.000797 seconds.
Begin MonoManager ReloadAssembly
Native extension for WindowsStandalone target not found
Native extension for WebGL target not found
Refreshing native plugins compatible for Editor in 0.37 ms, found 1 plugins.
Preloading 0 native plugins for Editor in 0.00 ms.
Mono: successfully reloaded assembly
- Completed reload, in  0.701 seconds
Platform modules already initialized, skipping
Refreshing native plugins compatible for Editor in 0.31 ms, found 1 plugins.
Preloading 0 native plugins for Editor in 0.00 ms.
Unloading 1812 Unused Serialized files (Serialized files now loaded: 0)
System memory in use before: 85.3 MB.
System memory in use after: 85.2 MB.

Unloading 12 unused Assets to reduce memory usage. Loaded Objects now: 2331.
Total: 1.732100 ms (FindLiveObjects: 0.193000 ms CreateObjectMapping: 0.066400 ms MarkObjects: 1.385300 ms  DeleteObjects: 0.086700 ms)

========================================================================
Received Import Request.
  Time since last request: 1172.444389 seconds.
  path: Assets/pole.cs
  artifactKey: Guid(8f66a702291c02a4ebcc1621aa49952f) Importer(815301076,1909f56bfc062723c751e8b465ee728b)
Start importing Assets/pole.cs using Guid(8f66a702291c02a4ebcc1621aa49952f) Importer(815301076,1909f56bfc062723c751e8b465ee728b)  -> (artifact id: 'c1fe8e722ae93c79e6282fdf37a59fb0') in 0.004297 seconds
  Import took 0.012697 seconds .

========================================================================
Received Import Request.
  Time since last request: 0.001136 seconds.
  path: Assets/pole.cs
  artifactKey: Guid(8f66a702291c02a4ebcc1621aa49952f) Importer(815301076,1909f56bfc062723c751e8b465ee728b)
Start importing Assets/pole.cs using Guid(8f66a702291c02a4ebcc1621aa49952f) Importer(815301076,1909f56bfc062723c751e8b465ee728b)  -> (artifact id: 'c1fe8e722ae93c79e6282fdf37a59fb0') in 0.001539 seconds
  Import took 0.004267 seconds .

========================================================================
Received Prepare
Registering precompiled user dll's ...
Registered in 0.000807 seconds.
Begin MonoManager ReloadAssembly
Native extension for WindowsStandalone target not found
Native extension for WebGL target not found
Refreshing native plugins compatible for Editor in 0.31 ms, found 1 plugins.
Preloading 0 native plugins for Editor in 0.00 ms.
Mono: successfully reloaded assembly
- Completed reload, in  0.707 seconds
Platform modules already initialized, skipping
Refreshing native plugins compatible for Editor in 0.34 ms, found 1 plugins.
Preloading 0 native plugins for Editor in 0.00 ms.
Unloading 1812 Unused Serialized files (Serialized files now loaded: 0)
System memory in use before: 85.3 MB.
System memory in use after: 85.2 MB.

Unloading 12 unused Assets to reduce memory usage. Loaded Objects now: 2335.
Total: 1.753300 ms (FindLiveObjects: 0.193400 ms CreateObjectMapping: 0.079600 ms MarkObjects: 1.395100 ms  DeleteObjects: 0.084400 ms)

========================================================================
Received Import Request.
  Time since last request: 51.358968 seconds.
  path: Assets/Wincon.cs
  artifactKey: Guid(ad1112bcef435e34782b6ac4afe9f69d) Importer(815301076,1909f56bfc062723c751e8b465ee728b)
Start importing Assets/Wincon.cs using Guid(ad1112bcef435e34782b6ac4afe9f69d) Importer(815301076,1909f56bfc062723c751e8b465ee728b)  -> (artifact id: 'e27133027fddd343e3479f8c46cccaa7') in 0.007605 seconds
  Import took 0.010434 seconds .

========================================================================
Received Prepare
Registering precompiled user dll's ...
Registered in 0.000745 seconds.
Begin MonoManager ReloadAssembly
Native extension for WindowsStandalone target not found
Native extension for WebGL target not found
Refreshing native plugins compatible for Editor in 0.31 ms, found 1 plugins.
Preloading 0 native plugins for Editor in 0.00 ms.
Mono: successfully reloaded assembly
- Completed reload, in  0.697 seconds
Platform modules already initialized, skipping
Refreshing native plugins compatible for Editor in 0.29 ms, found 1 plugins.
Preloading 0 native plugins for Editor in 0.00 ms.
Unloading 1812 Unused Serialized files (Serialized files now loaded: 0)
System memory in use before: 85.3 MB.
System memory in use after: 85.3 MB.

Unloading 12 unused Assets to reduce memory usage. Loaded Objects now: 2339.
Total: 1.705500 ms (FindLiveObjects: 0.171500 ms CreateObjectMapping: 0.061900 ms MarkObjects: 1.386700 ms  DeleteObjects: 0.084700 ms)

========================================================================
Received Prepare
Registering precompiled user dll's ...
Registered in 0.000714 seconds.
Begin MonoManager ReloadAssembly
Native extension for WindowsStandalone target not found
Native extension for WebGL target not found
Refreshing native plugins compatible for Editor in 0.31 ms, found 1 plugins.
Preloading 0 native plugins for Editor in 0.00 ms.
Mono: successfully reloaded assembly
- Completed reload, in  0.728 seconds
Platform modules already initialized, skipping
Refreshing native plugins compatible for Editor in 0.30 ms, found 1 plugins.
Preloading 0 native plugins for Editor in 0.00 ms.
Unloading 1812 Unused Serialized files (Serialized files now loaded: 0)
System memory in use before: 85.3 MB.
System memory in use after: 85.3 MB.

Unloading 12 unused Assets to reduce memory usage. Loaded Objects now: 2343.
Total: 2.115700 ms (FindLiveObjects: 0.261400 ms CreateObjectMapping: 0.075300 ms MarkObjects: 1.652000 ms  DeleteObjects: 0.125900 ms)

========================================================================
Received Import Request.
  Time since last request: 76.891626 seconds.
  path: Assets/GameManager.cs
  artifactKey: Guid(d028c74058627cf44a64dbe0a31865f2) Importer(815301076,1909f56bfc062723c751e8b465ee728b)
Start importing Assets/GameManager.cs using Guid(d028c74058627cf44a64dbe0a31865f2) Importer(815301076,1909f56bfc062723c751e8b465ee728b)  -> (artifact id: '59a427b24be4ff65b9d8aa61a6223c9b') in 0.004102 seconds
  Import took 0.007015 seconds .

========================================================================
Received Import Request.
  Time since last request: 0.000466 seconds.
  path: Assets/GameManager.cs
  artifactKey: Guid(d028c74058627cf44a64dbe0a31865f2) Importer(815301076,1909f56bfc062723c751e8b465ee728b)
Start importing Assets/GameManager.cs using Guid(d028c74058627cf44a64dbe0a31865f2) Importer(815301076,1909f56bfc062723c751e8b465ee728b)  -> (artifact id: '59a427b24be4ff65b9d8aa61a6223c9b') in 0.001876 seconds
  Import took 0.004345 seconds .

========================================================================
Received Prepare
Registering precompiled user dll's ...
Registered in 0.000786 seconds.
Begin MonoManager ReloadAssembly
Native extension for WindowsStandalone target not found
Native extension for WebGL target not found
Refreshing native plugins compatible for Editor in 0.30 ms, found 1 plugins.
Preloading 0 native plugins for Editor in 0.00 ms.
Mono: successfully reloaded assembly
- Completed reload, in  0.718 seconds
Platform modules already initialized, skipping
Refreshing native plugins compatible for Editor in 0.31 ms, found 1 plugins.
Preloading 0 native plugins for Editor in 0.00 ms.
Unloading 1812 Unused Serialized files (Serialized files now loaded: 0)
System memory in use before: 85.3 MB.
System memory in use after: 85.3 MB.

Unloading 12 unused Assets to reduce memory usage. Loaded Objects now: 2347.
Total: 1.651800 ms (FindLiveObjects: 0.152100 ms CreateObjectMapping: 0.060500 ms MarkObjects: 1.354900 ms  DeleteObjects: 0.083600 ms)

========================================================================
Received Prepare
Registering precompiled user dll's ...
Registered in 0.000763 seconds.
Begin MonoManager ReloadAssembly
Native extension for WindowsStandalone target not found
Native extension for WebGL target not found
Refreshing native plugins compatible for Editor in 0.32 ms, found 1 plugins.
Preloading 0 native plugins for Editor in 0.00 ms.
Mono: successfully reloaded assembly
- Completed reload, in  0.751 seconds
Platform modules already initialized, skipping
Refreshing native plugins compatible for Editor in 0.36 ms, found 1 plugins.
Preloading 0 native plugins for Editor in 0.00 ms.
Unloading 1812 Unused Serialized files (Serialized files now loaded: 0)
System memory in use before: 85.3 MB.
System memory in use after: 85.3 MB.

Unloading 12 unused Assets to reduce memory usage. Loaded Objects now: 2351.
Total: 1.978800 ms (FindLiveObjects: 0.288200 ms CreateObjectMapping: 0.116800 ms MarkObjects: 1.482700 ms  DeleteObjects: 0.089900 ms)

========================================================================
Received Prepare
Registering precompiled user dll's ...
Registered in 0.001679 seconds.
Begin MonoManager ReloadAssembly
Native extension for WindowsStandalone target not found
Native extension for WebGL target not found
Refreshing native plugins compatible for Editor in 0.31 ms, found 1 plugins.
Preloading 0 native plugins for Editor in 0.00 ms.
Mono: successfully reloaded assembly
- Completed reload, in  0.740 seconds
Platform modules already initialized, skipping
Refreshing native plugins compatible for Editor in 0.32 ms, found 1 plugins.
Preloading 0 native plugins for Editor in 0.00 ms.
Unloading 1812 Unused Serialized files (Serialized files now loaded: 0)
System memory in use before: 85.3 MB.
System memory in use after: 85.3 MB.

Unloading 12 unused Assets to reduce memory usage. Loaded Objects now: 2355.
Total: 2.193000 ms (FindLiveObjects: 0.425300 ms CreateObjectMapping: 0.158100 ms MarkObjects: 1.487900 ms  DeleteObjects: 0.120700 ms)

========================================================================
Received Prepare
Registering precompiled user dll's ...
Registered in 0.000699 seconds.
Begin MonoManager ReloadAssembly
Native extension for WindowsStandalone target not found
Native extension for WebGL target not found
Refreshing native plugins compatible for Editor in 0.31 ms, found 1 plugins.
Preloading 0 native plugins for Editor in 0.00 ms.
Mono: successfully reloaded assembly
- Completed reload, in  0.738 seconds
Platform modules already initialized, skipping
Refreshing native plugins compatible for Editor in 0.30 ms, found 1 plugins.
Preloading 0 native plugins for Editor in 0.00 ms.
Unloading 1812 Unused Serialized files (Serialized files now loaded: 0)
System memory in use before: 85.3 MB.
System memory in use after: 85.3 MB.

Unloading 12 unused Assets to reduce memory usage. Loaded Objects now: 2359.
Total: 2.000800 ms (FindLiveObjects: 0.178100 ms CreateObjectMapping: 0.072600 ms MarkObjects: 1.661000 ms  DeleteObjects: 0.088400 ms)

========================================================================
Received Prepare
Registering precompiled user dll's ...
Registered in 0.000802 seconds.
Begin MonoManager ReloadAssembly
Native extension for WindowsStandalone target not found
Native extension for WebGL target not found
Refreshing native plugins compatible for Editor in 0.30 ms, found 1 plugins.
Preloading 0 native plugins for Editor in 0.00 ms.
Mono: successfully reloaded assembly
- Completed reload, in  0.699 seconds
Platform modules already initialized, skipping
Refreshing native plugins compatible for Editor in 0.33 ms, found 1 plugins.
Preloading 0 native plugins for Editor in 0.00 ms.
Unloading 1812 Unused Serialized files (Serialized files now loaded: 0)
System memory in use before: 85.3 MB.
System memory in use after: 85.3 MB.

Unloading 12 unused Assets to reduce memory usage. Loaded Objects now: 2363.
Total: 2.007300 ms (FindLiveObjects: 0.234700 ms CreateObjectMapping: 0.098500 ms MarkObjects: 1.555600 ms  DeleteObjects: 0.117600 ms)

========================================================================
Received Prepare
Registering precompiled user dll's ...
Registered in 0.000928 seconds.
Begin MonoManager ReloadAssembly
Native extension for WindowsStandalone target not found
Native extension for WebGL target not found
Refreshing native plugins compatible for Editor in 0.31 ms, found 1 plugins.
Preloading 0 native plugins for Editor in 0.00 ms.
Mono: successfully reloaded assembly
- Completed reload, in  0.705 seconds
Platform modules already initialized, skipping
Refreshing native plugins compatible for Editor in 0.30 ms, found 1 plugins.
Preloading 0 native plugins for Editor in 0.00 ms.
Unloading 1812 Unused Serialized files (Serialized files now loaded: 0)
System memory in use before: 85.3 MB.
System memory in use after: 85.3 MB.

Unloading 12 unused Assets to reduce memory usage. Loaded Objects now: 2367.
Total: 4.323900 ms (FindLiveObjects: 0.515700 ms CreateObjectMapping: 0.272900 ms MarkObjects: 3.441500 ms  DeleteObjects: 0.092000 ms)

AssetImportWorkerClient::OnTransportError - code=2 error=End of file
